    Blocking waiting for file lock on build directory
   Compiling parking_lot_core v0.9.12
    Checking parking_lot v0.12.5
    Checking dashmap v6.1.0
    Checking tachys v0.1.9
    Checking leptos_hot_reload v0.7.8
    Checking server_fn v0.7.8
   Compiling leptos_macro v0.7.9
    Checking leptos_server v0.7.8
    Checking leptos_dom v0.7.8
    Checking leptos v0.7.8
    Checking leptos_router v0.7.8
    Checking ttrpg-assistant-frontend v0.1.0 (/home/svnbjrn/dev/AI-RPG/features/frontend)
error[E0428]: the name `PersonalitySelectorProps` is defined multiple times
  --> src/components/chat/personality_selector.rs:33:1
   |
23 | pub struct PersonalitySelectorProps {
   | ----------------------------------- previous definition of the type `PersonalitySelectorProps` here
...
33 | #[component]
   | ^^^^^^^^^^^^ `PersonalitySelectorProps` redefined here
   |
   = note: `PersonalitySelectorProps` must be defined only once in the type namespace of this module
   = note: this error originates in the attribute macro `component` (in Nightly builds, run with -Z macro-backtrace for more info)

error: failed to parse expression: unexpected end of input, expected curly braces
    --> src/components/settings.rs:1418:68
     |
1418 | ...                   style:background-color=if size.usage_percent > 90.0 {
     |                                              ^^

error[E0432]: unresolved import `log`
 --> src/components/session/notes_panel.rs:9:5
  |
9 | use log::{info, error};
  |     ^^^ use of unresolved module or unlinked crate `log`
  |
  = help: if you wanted to use a crate named `log`, use `cargo add log` to add it to your `Cargo.toml`

error[E0433]: failed to resolve: use of unresolved module or unlinked crate `uuid`
   --> src/components/session/notes_panel.rs:190:17
    |
190 |             id: uuid::Uuid::new_v4().to_string(),
    |                 ^^^^ use of unresolved module or unlinked crate `uuid`
    |
    = help: if you wanted to use a crate named `uuid`, use `cargo add uuid` to add it to your `Cargo.toml`

error[E0425]: cannot find value `FilterToggle` in this scope
   --> src/components/graph/entity_graph.rs:463:26
    |
463 |                         <FilterToggle
    |                          ^^^^^^^^^^^^ not found in this scope
    |
help: consider importing this function
    |
 23 + use crate::components::session::timeline_view::FilterToggle;
    |

error[E0425]: cannot find value `FilterToggle` in this scope
   --> src/components/graph/entity_graph.rs:468:26
    |
468 |                         <FilterToggle
    |                          ^^^^^^^^^^^^ not found in this scope
    |
help: consider importing this function
    |
 23 + use crate::components::session::timeline_view::FilterToggle;
    |

error[E0425]: cannot find value `FilterToggle` in this scope
   --> src/components/graph/entity_graph.rs:473:26
    |
473 |                         <FilterToggle
    |                          ^^^^^^^^^^^^ not found in this scope
    |
help: consider importing this function
    |
 23 + use crate::components::session::timeline_view::FilterToggle;
    |

error[E0425]: cannot find value `FilterToggle` in this scope
   --> src/components/graph/entity_graph.rs:478:26
    |
478 |                         <FilterToggle
    |                          ^^^^^^^^^^^^ not found in this scope
    |
help: consider importing this function
    |
 23 + use crate::components::session::timeline_view::FilterToggle;
    |

error[E0425]: cannot find value `FilterToggle` in this scope
   --> src/components/graph/entity_graph.rs:483:26
    |
483 |                         <FilterToggle
    |                          ^^^^^^^^^^^^ not found in this scope
    |
help: consider importing this function
    |
 23 + use crate::components::session::timeline_view::FilterToggle;
    |

error[E0425]: cannot find value `FilterToggle` in this scope
   --> src/components/graph/entity_graph.rs:488:26
    |
488 |                         <FilterToggle
    |                          ^^^^^^^^^^^^ not found in this scope
    |
help: consider importing this function
    |
 23 + use crate::components::session::timeline_view::FilterToggle;
    |

warning: unused import: `SessionList as ContextSidebar`
   --> src/components/session/session_list.rs:508:9
    |
508 | pub use SessionList as ContextSidebar;
    |         ^^^^^^^^^^^^^^^^^^^^^^^^^^^^^
    |
    = note: `#[warn(unused_imports)]` (part of `#[warn(unused)]`) on by default

warning: unused import: `NpcList as InfoPanel`
   --> src/components/session/npc_list.rs:653:9
    |
653 | pub use NpcList as InfoPanel;
    |         ^^^^^^^^^^^^^^^^^^^^

warning: unused imports: `STANDARD_CONDITIONS`, `get_condition_description`, and `list_condition_templates`
  --> src/components/session/condition_manager.rs:12:31
   |
12 |     get_combatant_conditions, list_condition_templates, AddConditionRequest,
   |                               ^^^^^^^^^^^^^^^^^^^^^^^^
13 |     AdvancedCondition, ConditionDurationType, get_condition_description, STANDARD_CONDITIONS,
   |                                               ^^^^^^^^^^^^^^^^^^^^^^^^^  ^^^^^^^^^^^^^^^^^^^

warning: unused imports: `TimelineSummaryData` and `get_timeline_summary`
  --> src/components/session/timeline_view.rs:10:27
   |
10 |     get_session_timeline, get_timeline_summary,
   |                           ^^^^^^^^^^^^^^^^^^^^
11 |     TimelineEventData, TimelineEventType as BindingEventType,
12 |     TimelineEventSeverity, TimelineSummaryData,
   |                            ^^^^^^^^^^^^^^^^^^^

warning: unused imports: `BadgeVariant`, `Badge`, and `Input`
  --> src/components/session/notes_panel.rs:11:91
   |
11 | use crate::components::design_system::{Button, ButtonVariant, Card, CardHeader, CardBody, Badge, BadgeVariant, Input};
   |                                                                                           ^^^^^  ^^^^^^^^^^^^  ^^^^^

warning: unused import: `CategorizationResponse`
  --> src/components/session/notes_panel.rs:16:5
   |
16 |     CategorizationResponse,
   |     ^^^^^^^^^^^^^^^^^^^^^^

warning: unused import: `get_search_hints`
  --> src/components/library/search_panel.rs:15:65
   |
15 |     hybrid_search, HybridSearchOptions, get_search_suggestions, get_search_hints,
   |                                                                 ^^^^^^^^^^^^^^^^

warning: unused import: `Slider`
  --> src/components/library/search_panel.rs:17:63
   |
17 | use crate::components::design_system::{Button, ButtonVariant, Slider};
   |                                                               ^^^^^^

warning: unused import: `SourceType`
  --> src/components/library/document_detail.rs:16:46
   |
16 | use super::{use_library_state, SearchResult, SourceType};
   |                                              ^^^^^^^^^^

warning: unused imports: `BadgeVariant` and `Badge`
  --> src/components/library/source_manager.rs:18:5
   |
18 |     Badge, BadgeVariant, Button, ButtonVariant, Card, CardHeader, CardBody, Input, Modal,
   |     ^^^^^  ^^^^^^^^^^^^

warning: unused imports: `HybridSearchOptions` and `hybrid_search`
  --> src/components/library/mod.rs:29:25
   |
29 |     pick_document_file, hybrid_search, HybridSearchOptions,
   |                         ^^^^^^^^^^^^^  ^^^^^^^^^^^^^^^^^^^

warning: unused imports: `Input`, `LoadingSpinner`, and `Modal`
  --> src/components/library/mod.rs:32:112
   |
32 | ..., Button, ButtonVariant, Card, CardHeader, CardBody, Input, Modal, LoadingSpinner};
   |                                                         ^^^^^  ^^^^^  ^^^^^^^^^^^^^^

warning: unused imports: `CharacterAttributeValue`, `CharacterBackground`, `CharacterEquipment`, `CharacterTrait`, and `get_supported_systems`
  --> src/components/character.rs:11:34
   |
11 |     generate_character_advanced, get_supported_systems, list_system_info,
   |                                  ^^^^^^^^^^^^^^^^^^^^^
12 |     get_game_system_info, Character, CharacterAttributeValue, CharacterTrait,
   |                                      ^^^^^^^^^^^^^^^^^^^^^^^  ^^^^^^^^^^^^^^
13 |     CharacterEquipment, CharacterBackground, GenerationOptions, GameSystemInfo,
   |     ^^^^^^^^^^^^^^^^^^  ^^^^^^^^^^^^^^^^^^^

warning: unused import: `std::collections::HashMap`
 --> src/components/analytics/usage_dashboard.rs:8:5
  |
8 | use std::collections::HashMap;
  |     ^^^^^^^^^^^^^^^^^^^^^^^^^

warning: unused import: `get_usage_stats`
  --> src/components/analytics/usage_dashboard.rs:11:5
   |
11 |     get_usage_stats, get_usage_by_period, get_cost_breakdown, get_budget_status,
   |     ^^^^^^^^^^^^^^^

warning: unused import: `std::collections::HashMap`
 --> src/components/analytics/search_analytics.rs:9:5
  |
9 | use std::collections::HashMap;
  |     ^^^^^^^^^^^^^^^^^^^^^^^^^

warning: unused imports: `cleanup_search_analytics`, `get_zero_result_queries_db`, and `get_zero_result_queries`
  --> src/components/analytics/search_analytics.rs:14:27
   |
14 |     get_trending_queries, get_zero_result_queries,
   |                           ^^^^^^^^^^^^^^^^^^^^^^^
...
17 |     get_trending_queries_db, get_zero_result_queries_db,
   |                              ^^^^^^^^^^^^^^^^^^^^^^^^^^
18 |     cleanup_search_analytics,
   |     ^^^^^^^^^^^^^^^^^^^^^^^^

warning: unused imports: `ButtonVariant` and `Button`
  --> src/components/analytics/search_analytics.rs:21:40
   |
21 | use crate::components::design_system::{Button, ButtonVariant, Card, CardBody, CardHeader, Select};
   |                                        ^^^^^^  ^^^^^^^^^^^^^

warning: unused imports: `LocationState`, `NPC`, `VersionSummary`, `WorldEvent`, `list_campaign_versions`, `list_locations`, `list_npcs`, and `list_world_events`
  --> src/components/campaign/campaign_dashboard.rs:10:5
   |
10 |     list_npcs, list_locations, list_world_events, list_campaign_versions,
   |     ^^^^^^^^^  ^^^^^^^^^^^^^^  ^^^^^^^^^^^^^^^^^  ^^^^^^^^^^^^^^^^^^^^^^
11 |     VersionSummary, LocationState, WorldEvent, NPC,
   |     ^^^^^^^^^^^^^^  ^^^^^^^^^^^^^  ^^^^^^^^^^  ^^^

warning: unused import: `super::campaign_card::CampaignCard`
  --> src/components/campaign/campaign_dashboard.rs:13:5
   |
13 | use super::campaign_card::CampaignCard;
   |     ^^^^^^^^^^^^^^^^^^^^^^^^^^^^^^^^^^

warning: unused imports: `ThemeWeights` and `get_theme_preset`
  --> src/components/campaign/campaign_create_modal.rs:10:22
   |
10 |     create_campaign, get_theme_preset, Campaign, ThemeWeights,
   |                      ^^^^^^^^^^^^^^^^            ^^^^^^^^^^^^

warning: unused imports: `ButtonVariant`, `Button`, `Input`, and `Modal`
  --> src/components/campaign/campaign_create_modal.rs:12:40
   |
12 | use crate::components::design_system::{Button, ButtonVariant, Input, Modal};
   |                                        ^^^^^^  ^^^^^^^^^^^^^  ^^^^^  ^^^^^

warning: unused imports: `DiffStats`, `delete_campaign_version`, `mark_version_milestone`, and `rollback_campaign`
  --> src/components/campaign/version_history.rs:10:5
   |
10 |     rollback_campaign, delete_campaign_version, mark_version_milestone,
   |     ^^^^^^^^^^^^^^^^^  ^^^^^^^^^^^^^^^^^^^^^^^  ^^^^^^^^^^^^^^^^^^^^^^
11 |     VersionSummary, CampaignDiff, DiffStats,
   |                                   ^^^^^^^^^

error[E0599]: no method named `dyn_ref` found for struct `EventTarget` in the current scope
  --> src/components/design_system/slider.rs:51:41
   |
51 |             if let Some(input) = target.dyn_ref::<web_sys::HtmlInputElement>() {
   |                                         ^^^^^^^
   |
  ::: /home/svnbjrn/.cargo/registry/src/index.crates.io-1949cf8c6b5b557f/wasm-bindgen-0.2.106/src/cast.rs:60:8
   |
60 |     fn dyn_ref<T>(&self) -> Option<&T>
   |        ------- the method is available for `EventTarget` here
   |
   = help: items from traits can only be used if the trait is in scope
help: trait `JsCast` which provides `dyn_ref` is implemented but not in scope; perhaps you want to import it
   |
11 + use wasm_bindgen::JsCast;
   |
help: there is a method `deref` with a similar name
   |
51 -             if let Some(input) = target.dyn_ref::<web_sys::HtmlInputElement>() {
51 +             if let Some(input) = target.deref::<web_sys::HtmlInputElement>() {
   |

error[E0308]: `if` and `else` have incompatible types
  --> src/components/design_system/slider.rs:91:36
   |
85 |   ...                   {if show_percentage {
   |                          ------------------ `if` and `else` have incompatible types
86 | / ...                       Some(view! {
87 | | ...                           <span class="text-xs font-mono text-[var(--text-muted)]">
88 | | ...                               {move || format!("{}%", (value.get() * 100.0) as i32)}
   | |                                    ------- the expected closure
89 | | ...                           </span>
90 | | ...                       })
   | |____________________________- expected because of this
91 |   ...                   } else if show_value {
   |  ______________________________^
92 | | ...                       Some(view! {
93 | | ...                           <span class="text-xs font-mono text-[var(--text-muted)]">
94 | | ...                               {move || format!("{:.2}", value.get())}
...  |
98 | | ...                       None
99 | | ...                   }}
   | |_______________________^ expected closure, found a different closure
   |
   = note: expected enum `std::option::Option<leptos::prelude::View<leptos::html::HtmlElement<_, (Class<&_>,), ({closure@src/components/design_system/slider.rs:88:42: 88:49},)>>>`
              found enum `std::option::Option<leptos::prelude::View<leptos::html::HtmlElement<_, (Class<&_>,), ({closure@src/components/design_system/slider.rs:94:42: 94:49},)>>>`
   = note: no two closures, even if identical, have the same type
   = help: consider boxing your closure and/or using it as a trait object

error[E0599]: no method named `dyn_ref` found for struct `EventTarget` in the current scope
   --> src/components/design_system/slider.rs:182:41
    |
182 |             if let Some(input) = target.dyn_ref::<web_sys::HtmlInputElement>() {
    |                                         ^^^^^^^
    |
   ::: /home/svnbjrn/.cargo/registry/src/index.crates.io-1949cf8c6b5b557f/wasm-bindgen-0.2.106/src/cast.rs:60:8
    |
 60 |     fn dyn_ref<T>(&self) -> Option<&T>
    |        ------- the method is available for `EventTarget` here
    |
    = help: items from traits can only be used if the trait is in scope
help: trait `JsCast` which provides `dyn_ref` is implemented but not in scope; perhaps you want to import it
    |
 11 + use wasm_bindgen::JsCast;
    |
help: there is a method `deref` with a similar name
    |
182 -             if let Some(input) = target.dyn_ref::<web_sys::HtmlInputElement>() {
182 +             if let Some(input) = target.deref::<web_sys::HtmlInputElement>() {
    |

error[E0308]: mismatched types
   --> src/components/layout/icon_rail.rs:129:26
    |
129 |                 shortcut=Some("Ctrl+1")
    |                          ^^^^^^^^^^^^^^ expected `&str`, found `Option<&str>`
    |
    = note: expected reference `&'static str`
                    found enum `std::option::Option<&str>`

error[E0308]: mismatched types
   --> src/components/layout/icon_rail.rs:136:26
    |
136 |                 shortcut=Some("Ctrl+2")
    |                          ^^^^^^^^^^^^^^ expected `&str`, found `Option<&str>`
    |
    = note: expected reference `&'static str`
                    found enum `std::option::Option<&str>`

error[E0308]: mismatched types
   --> src/components/layout/icon_rail.rs:143:26
    |
143 |                 shortcut=Some("Ctrl+3")
    |                          ^^^^^^^^^^^^^^ expected `&str`, found `Option<&str>`
    |
    = note: expected reference `&'static str`
                    found enum `std::option::Option<&str>`

error[E0308]: mismatched types
   --> src/components/layout/icon_rail.rs:150:26
    |
150 |                 shortcut=Some("Ctrl+4")
    |                          ^^^^^^^^^^^^^^ expected `&str`, found `Option<&str>`
    |
    = note: expected reference `&'static str`
                    found enum `std::option::Option<&str>`

error[E0308]: mismatched types
   --> src/components/layout/icon_rail.rs:201:26
    |
201 |                 shortcut=Some("Ctrl+,")
    |                          ^^^^^^^^^^^^^^ expected `&str`, found `Option<&str>`
    |
    = note: expected reference `&'static str`
                    found enum `std::option::Option<&str>`

error[E0599]: no method named `dyn_ref` found for struct `EventTarget` in the current scope
  --> src/components/layout/media_bar.rs:93:41
   |
93 |             if let Some(input) = target.dyn_ref::<web_sys::HtmlInputElement>() {
   |                                         ^^^^^^^
   |
  ::: /home/svnbjrn/.cargo/registry/src/index.crates.io-1949cf8c6b5b557f/wasm-bindgen-0.2.106/src/cast.rs:60:8
   |
60 |     fn dyn_ref<T>(&self) -> Option<&T>
   |        ------- the method is available for `EventTarget` here
   |
   = help: items from traits can only be used if the trait is in scope
help: trait `JsCast` which provides `dyn_ref` is implemented but not in scope; perhaps you want to import it
   |
11 + use wasm_bindgen::JsCast;
   |
help: there is a method `deref` with a similar name
   |
93 -             if let Some(input) = target.dyn_ref::<web_sys::HtmlInputElement>() {
93 +             if let Some(input) = target.deref::<web_sys::HtmlInputElement>() {
   |

error[E0599]: no method named `dyn_ref` found for struct `EventTarget` in the current scope
   --> src/components/layout/media_bar.rs:108:41
    |
108 |             if let Some(input) = target.dyn_ref::<web_sys::HtmlInputElement>() {
    |                                         ^^^^^^^
    |
   ::: /home/svnbjrn/.cargo/registry/src/index.crates.io-1949cf8c6b5b557f/wasm-bindgen-0.2.106/src/cast.rs:60:8
    |
 60 |     fn dyn_ref<T>(&self) -> Option<&T>
    |        ------- the method is available for `EventTarget` here
    |
    = help: items from traits can only be used if the trait is in scope
help: trait `JsCast` which provides `dyn_ref` is implemented but not in scope; perhaps you want to import it
    |
 11 + use wasm_bindgen::JsCast;
    |
help: there is a method `deref` with a similar name
    |
108 -             if let Some(input) = target.dyn_ref::<web_sys::HtmlInputElement>() {
108 +             if let Some(input) = target.deref::<web_sys::HtmlInputElement>() {
    |

error[E0599]: no method named `call` found for struct `leptos::prelude::Callback<In, Out>` in the current scope
   --> src/components/chat/personality_selector.rs:147:20
    |
147 |                 cb.call(personality_id);
    |                    ^^^^ method not found in `leptos::prelude::Callback<std::option::Option<std::string::String>>`

error[E0308]: mismatched types
   --> src/components/campaign_details/session_list.rs:117:27
    |
117 |                     count=Some(planned_sessions.len())
    |                           ^^^^^^^^^^^^^^^^^^^^^^^^^^^^ expected `usize`, found `Option<usize>`
    |
    = note: expected type `usize`
               found enum `std::option::Option<usize>`

error[E0308]: mismatched types
   --> src/components/campaign_details/session_list.rs:160:27
    |
160 |                     count=Some(past_sessions.len())
    |                           ^^^^^^^^^^^^^^^^^^^^^^^^^ expected `usize`, found `Option<usize>`
    |
    = note: expected type `usize`
               found enum `std::option::Option<usize>`

error[E0597]: `last_message` does not live long enough
   --> src/components/campaign_details/npc_list.rs:260:33
    |
172 |       let last_message = npc.last_message.clone();
    |           ------------ binding `last_message` declared here
...
200 | /     view! {
201 | |         <li role="option" aria-selected=is_selected.to_string()>
202 | |             <button
203 | |                 class=format!(
...   |
260 | |                                 &last_message
    | |                                 ^^^^^^^^^^^^^ borrowed value does not live long enough
...   |
271 | |         </li>
272 | |     }
    | |_____- opaque type requires that `last_message` is borrowed for `'static`
273 |   }
    |   - `last_message` dropped here while still borrowed

error[E0382]: borrow of moved value: `campaign_name`
   --> src/components/campaign_details/campaign_card.rs:102:53
    |
 75 |       let campaign_name = campaign.name.clone();
    |           ------------- move occurs because `campaign_name` has type `std::string::String`, which does not implement the `Copy` trait
...
 94 | /     view! {
 95 | |         <article
 96 | |             class="group relative aspect-[3/4] bg-[var(--bg-deep)] rounded-xl overflow-hidden shadow-2xl border border-[var(--border-subt...
 97 | |             on:click=handle_click
...   |
102 | |             aria-label=format!("Open campaign: {}", campaign_name)
    | |                                                     ^^^^^^^^^^^^^ value borrowed here after move
...   |
190 | |         </article>
191 | |     }
    | |_____- `campaign_name` moved due to this method call
    |
note: `into_render` takes ownership of the receiver `self`, which moves `campaign_name`
   --> /home/svnbjrn/.cargo/registry/src/index.crates.io-1949cf8c6b5b557f/tachys-0.1.9/src/view/mod.rs:438:20
    |
438 |     fn into_render(self) -> Self::Output;
    |                    ^^^^
    = note: this error originates in the macro `$crate::__export::format_args` which comes from the expansion of the macro `format` (in Nightly builds, run with -Z macro-backtrace for more info)
help: you can `clone` the value and consume it, but this might not be your desired behavior
    |
154 |                         {campaign_name.clone()}
    |                                       ++++++++

warning: unused variable: `handle_create`
   --> src/components/campaigns.rs:448:9
    |
448 |     let handle_create = Callback::new(move |(name, system): (String, String)| {
    |         ^^^^^^^^^^^^^ help: if this is intentional, prefix it with an underscore: `_handle_create`
    |
    = note: `#[warn(unused_variables)]` (part of `#[warn(unused)]`) on by default

warning: unused variable: `handle_archive_request`
   --> src/components/campaigns.rs:464:9
    |
464 |     let handle_archive_request = Callback::new(move |(id, name): (String, String)| {
    |         ^^^^^^^^^^^^^^^^^^^^^^ help: if this is intentional, prefix it with an underscore: `_handle_archive_request`

warning: unused variable: `handle_restore_request`
   --> src/components/campaigns.rs:469:9
    |
469 |     let handle_restore_request = Callback::new(move |(id, name): (String, String)| {
    |         ^^^^^^^^^^^^^^^^^^^^^^ help: if this is intentional, prefix it with an underscore: `_handle_restore_request`

error[E0515]: cannot return value referencing temporary value
   --> src/components/campaign/campaign_create_modal.rs:103:17
    |
103 | /                 view! {
104 | |                     <>
105 | |                         {(i > 0).then(|| view! {
106 | |                             <div class=format!("w-12 h-0.5 {}", line_class)></div>
...   |
110 | |                                 {if is_complete { "v" } else { &(i + 1).to_string() }}
    | |                                                                 ------------------- temporary value created here
...   |
116 | |                     </>
117 | |                 }
    | |_________________^ returns a value referencing data owned by the current function
    |
    = note: this error originates in the macro `view` (in Nightly builds, run with -Z macro-backtrace for more info)

warning: unused variable: `icon_color`
   --> src/components/session/npc_list.rs:340:5
    |
340 |     icon_color: &'static str,
    |     ^^^^^^^^^^ help: if this is intentional, prefix it with an underscore: `_icon_color`

warning: unused variable: `cid`
   --> src/components/session/initiative_list.rs:112:29
    |
112 |                         let cid = combatant.id.clone();
    |                             ^^^ help: if this is intentional, prefix it with an underscore: `_cid`

error[E0308]: mismatched types
   --> src/components/session/condition_manager.rs:321:46
    |
321 | ...                   disabled=Signal::derive(move || custom_condition.get().is_empty())
    |                                ^^^^^^^^^^^^^^^^^^^^^^^^^^^^^^^^^^^^^^^^^^^^^^^^^^^^^^^^^ expected `bool`, found `Signal<bool>`
    |
    = note: expected type `bool`
             found struct `leptos::prelude::Signal<bool>`

error[E0597]: `condition.description` does not live long enough
   --> src/components/session/condition_manager.rs:444:58
    |
430 |       condition: AdvancedCondition,
    |       --------- binding `condition` declared here
...
444 |       let (description, color) = condition_info.unwrap_or((&condition.description, "#94a3b8"));
    |                                                            ^^^^^^^^^^^^^^^^^^^^^^ borrowed value does not live long enough
445 |
446 | /     view! {
447 | |         <div class="group relative inline-block">
448 | |             <div
449 | |                 class="inline-flex items-center gap-1.5 px-2 py-1 rounded text-xs font-medium"
...   |
481 | |         </div>
482 | |     }
    | |_____- opaque type requires that `condition.description` is borrowed for `'static`
483 |   }
    |   - `condition.description` dropped here while still borrowed

error[E0308]: mismatched types
   --> src/components/session/condition_manager.rs:524:35
    |
524 |                         on_remove=Some(Callback::new(move |_| handle_remove()))
    |                                   ^^^^^^^^^^^^^^^^^^^^^^^^^^^^^^^^^^^^^^^^^^^^^ expected `Callback<()>`, found `Option<Callback<_>>`
    |
    = note: expected struct `leptos::prelude::Callback<()>`
                 found enum `std::option::Option<leptos::prelude::Callback<_>>`

error[E0308]: mismatched types
   --> src/components/session/condition_manager.rs:586:39
    |
586 | ...                   on_remove=Some(Callback::new(move |id: String| handle_remove(id)))
    |                                 ^^^^^^^^^^^^^^^^^^^^^^^^^^^^^^^^^^^^^^^^^^^^^^^^^^^^^^^^ expected `Callback<String>`, found `Option<Callback<String>>`
    |
    = note: expected struct `leptos::prelude::Callback<_>`
                 found enum `std::option::Option<leptos::prelude::Callback<_>>`

error[E0308]: mismatched types
   --> src/components/session/condition_manager.rs:645:43
    |
645 | ...                   on_remove=Some(Callback::new(move |_| handle_remove()))
    |                                 ^^^^^^^^^^^^^^^^^^^^^^^^^^^^^^^^^^^^^^^^^^^^^ expected `Callback<()>`, found `Option<Callback<_>>`
    |
    = note: expected struct `leptos::prelude::Callback<()>`
                 found enum `std::option::Option<leptos::prelude::Callback<_>>`

warning: unused variable: `refresh_interval`
   --> src/components/session/timeline_view.rs:160:5
    |
160 |     refresh_interval: u32,
    |     ^^^^^^^^^^^^^^^^ help: if this is intentional, prefix it with an underscore: `_refresh_interval`

error[E0277]: can't compare `notes_panel::SessionNote` with `notes_panel::SessionNote`
   --> src/components/session/notes_panel.rs:326:26
    |
326 |       let filtered_notes = Memo::new(move |_| {
    |  __________________________^
327 | |         let all_notes = notes.get();
328 | |         let query = search_query.get().to_lowercase();
329 | |         let category = selected_category.get();
...   |
359 | |             .collect::<Vec<_>>()
360 | |     });
    | |______^ no implementation for `notes_panel::SessionNote == notes_panel::SessionNote`
    |
    = help: the trait `PartialEq` is not implemented for `notes_panel::SessionNote`
    = note: required for `Vec<notes_panel::SessionNote>` to implement `PartialEq`
note: required by a bound in `leptos::prelude::Memo::<T>::new`
   --> /home/svnbjrn/.cargo/registry/src/index.crates.io-1949cf8c6b5b557f/reactive_graph-0.1.8/src/computed/memo.rs:175:12
    |
173 |     pub fn new(fun: impl Fn(Option<&T>) -> T + Send + Sync + 'static) -> Self
    |            --- required by a bound in this associated function
174 |     where
175 |         T: PartialEq,
    |            ^^^^^^^^^ required by this bound in `Memo::<T>::new`
help: consider annotating `notes_panel::SessionNote` with `#[derive(PartialEq)]`
    |
173 + #[derive(PartialEq)]
174 | pub struct SessionNote {
    |

error[E0597]: `note.category` does not live long enough
    --> src/components/session/notes_panel.rs:951:26
     |
 924 |       note: SessionNote,
     |       ---- binding `note` declared here
...
 931 | /     view! {
 932 | |         <div class="p-4 hover:bg-zinc-800/30 transition-colors">
 933 | |             // Header row
 934 | |             <div class="flex items-start justify-between gap-2 mb-2">
...    |
 951 | |                         {note.category.display()}
     | |                          ^^^^^^^^^^^^^ borrowed value does not live long enough
...    |
1016 | |         </div>
1017 | |     }
     | |_____- opaque type requires that `note.category` is borrowed for `'static`
1018 |   }
     |   - `note.category` dropped here while still borrowed

error[E0382]: use of moved value: `doc.content`
   --> src/components/library/document_detail.rs:118:25
    |
118 | /                         view! {
119 | |                             <div class="flex-1 flex flex-col overflow-hidden">
120 | |                                 // Header
121 | |                                 <div class="flex-shrink-0 p-4 border-b border-[var(--border-subtle)]">
...   |
196 | |                                                         doc.content.clone()
    | |                                                         ----------- variable moved due to use in closure
...   |
275 | |                                                 <span class="text-[var(--text-primary)]">{format!("{} chars", doc.content.len())}</span>
    | |                                                                                                               ----------- use occurs due to use in closure
...   |
373 | |                             </div>
374 | |                         }.into_any()
    | |_________________________^ value used here after move
    |
    = note: move occurs because `doc.content` has type `std::string::String`, which does not implement the `Copy` trait
    = note: this error originates in the macro `view` (in Nightly builds, run with -Z macro-backtrace for more info)

error[E0382]: use of moved value: `doc.source`
   --> src/components/library/document_detail.rs:118:25
    |
118 | /                         view! {
119 | |                             <div class="flex-1 flex flex-col overflow-hidden">
120 | |                                 // Header
121 | |                                 <div class="flex-shrink-0 p-4 border-b border-[var(--border-subtle)]">
...   |
261 | |                                                 <span class="text-[var(--text-primary)] truncate max-w-[200px]">{doc.source.clone()}</span>
    | |                                                                                                                  ---------- variable moved due to use in closure
...   |
353 | |                                                     doc.source.clone(),
    | |                                                     ---------- use occurs due to use in closure
...   |
373 | |                             </div>
374 | |                         }.into_any()
    | |_________________________^ value used here after move
    |
    = note: move occurs because `doc.source` has type `std::string::String`, which does not implement the `Copy` trait
    = note: this error originates in the macro `view` (in Nightly builds, run with -Z macro-backtrace for more info)

warning: unused variable: `doc_id`
   --> src/components/library/source_manager.rs:318:45
    |
318 | ...                   let doc_id = doc.id.clone();
    |                           ^^^^^^ help: if this is intentional, prefix it with an underscore: `_doc_id`

error[E0308]: mismatched types
    --> src/components/settings.rs:1493:56
     |
1493 | ...                   <Show when=move || stats.oldest_entry_age_secs > 0>
     |                                          ^^^^^^^^^^^^^^^^^^^^^^^^^^^ expected `bool`, found `i64`

error[E0308]: mismatched types
    --> src/components/settings.rs:1500:56
     |
1500 | ...                   <Show when=move || stats.avg_entry_size_bytes > 0>
     |                                          ^^^^^^^^^^^^^^^^^^^^^^^^^^ expected `bool`, found `u64`

error[E0599]: no variant or associated item named `Warning` found for enum `ButtonVariant` in the current scope
    --> src/components/settings.rs:1543:48
     |
1543 |                         variant=ButtonVariant::Warning
     |                                                ^^^^^^^ variant or associated item not found in `ButtonVariant`
     |
    ::: src/components/design_system/button.rs:7:1
     |
   7 | pub enum ButtonVariant {
     | ---------------------- variant or associated item `Warning` not found for this enum

error[E0382]: borrow of moved value: `id`
   --> src/components/character.rs:191:71
    |
187 | ...                   let id = system.id.clone();
    |                           -- move occurs because `id` has type `std::string::String`, which does not implement the `Copy` trait
188 | ...                   let name = system.name.clone();
189 | ...                   let is_selected = move || selected_system_id.get() == id;
    |                                         -------                             -- variable moved due to use in closure
    |                                         |
    |                                         value moved into closure here
190 | ...                   view! {
191 | ...                       <option value=id.clone() selected=is_selected>
    |                                         ^^ value borrowed here after move
    |
help: consider cloning the value before moving it into the closure
    |
189 ~                                                     let value = id.clone();
190 ~                                                     let is_selected = move || selected_system_id.get() == value;
    |

error[E0382]: borrow of moved value: `race`
   --> src/components/character.rs:256:71
    |
254 |   ...                   children=move |race| {
    |                                        ---- move occurs because `race` has type `std::string::String`, which does not implement the `Copy` trait
255 | / ...                       view! {
256 | | ...                           <option value=race.clone()>{race}</option>
    | |                                             ^^^^ value borrowed here after move
257 | | ...                       }
    | |___________________________- `race` moved due to this method call
    |
note: `into_render` takes ownership of the receiver `self`, which moves `race`
   --> /home/svnbjrn/.cargo/registry/src/index.crates.io-1949cf8c6b5b557f/tachys-0.1.9/src/view/mod.rs:438:20
    |
438 |     fn into_render(self) -> Self::Output;
    |                    ^^^^
help: you can `clone` the value and consume it, but this might not be your desired behavior
    |
256 |                                                         <option value=race.clone()>{race.clone()}</option>
    |                                                                                         ++++++++

error[E0382]: borrow of moved value: `class`
   --> src/components/character.rs:276:71
    |
274 |   ...                   children=move |class| {
    |                                        ----- move occurs because `class` has type `std::string::String`, which does not implement the `Copy` trait
275 | / ...                       view! {
276 | | ...                           <option value=class.clone()>{class}</option>
    | |                                             ^^^^^ value borrowed here after move
277 | | ...                       }
    | |___________________________- `class` moved due to this method call
    |
note: `into_render` takes ownership of the receiver `self`, which moves `class`
   --> /home/svnbjrn/.cargo/registry/src/index.crates.io-1949cf8c6b5b557f/tachys-0.1.9/src/view/mod.rs:438:20
    |
438 |     fn into_render(self) -> Self::Output;
    |                    ^^^^
help: you can `clone` the value and consume it, but this might not be your desired behavior
    |
276 |                                                         <option value=class.clone()>{class.clone()}</option>
    |                                                                                           ++++++++

error[E0382]: borrow of moved value: `bg`
   --> src/components/character.rs:296:71
    |
294 |   ...                   children=move |bg| {
    |                                        -- move occurs because `bg` has type `std::string::String`, which does not implement the `Copy` trait
295 | / ...                       view! {
296 | | ...                           <option value=bg.clone()>{bg}</option>
    | |                                             ^^ value borrowed here after move
297 | | ...                       }
    | |___________________________- `bg` moved due to this method call
    |
note: `into_render` takes ownership of the receiver `self`, which moves `bg`
   --> /home/svnbjrn/.cargo/registry/src/index.crates.io-1949cf8c6b5b557f/tachys-0.1.9/src/view/mod.rs:438:20
    |
438 |     fn into_render(self) -> Self::Output;
    |                    ^^^^
help: you can `clone` the value and consume it, but this might not be your desired behavior
    |
296 |                                                         <option value=bg.clone()>{bg.clone()}</option>
    |                                                                                     ++++++++

warning: unused variable: `key`
   --> src/components/analytics/usage_dashboard.rs:366:86
    |
366 | ...                   {breakdown.by_model.iter().map(|(key, details)| {
    |                                                        ^^^ help: if this is intentional, prefix it with an underscore: `_key`

error[E0308]: mismatched types
   --> src/components/analytics/search_analytics.rs:300:33
    |
300 | / ...                   view! {
301 | | ...                       <div class="text-center py-4 text-theme-secondary">
302 | | ...                           "No cache data available"
303 | | ...                       </div>
304 | | ...                   }
    | |                       ^
    | |                       |
    | |_______________________expected `(HtmlElement<Div, ..., ...>, ..., ...)`, found `&str`
    |                         arguments to this function are incorrect
    |
    = note: expected struct `HtmlElement<Div, (Class<&str>,), ((..., ..., ...),)>`
               found struct `leptos::html::HtmlElement<_, (Class<&_>,), (&str,)>`
note: associated function defined here
   --> /home/svnbjrn/.cargo/registry/src/index.crates.io-1949cf8c6b5b557f/leptos-0.7.8/src/into_view.rs:25:12
    |
 25 |     pub fn new(inner: T) -> Self {
    |            ^^^
    = note: the full name for the type has been written to '/home/svnbjrn/dev/AI-RPG/features/frontend/target/debug/deps/ttrpg_assistant_frontend-7ed24207375e3cd3.long-type-13663274730698630513.txt'
    = note: consider using `--verbose` to print the full type name to the console
    = note: this error originates in the macro `view` (in Nightly builds, run with -Z macro-backtrace for more info)

error[E0308]: mismatched types
   --> src/components/analytics/search_analytics.rs:539:33
    |
539 | / ...                   view! {
540 | | ...                       <div class="text-center py-4 text-theme-secondary">
541 | | ...                           "No performance data available"
542 | | ...                       </div>
543 | | ...                   }
    | |                       ^
    | |                       |
    | |_______________________expected `(HtmlElement<Div, (...,), ...>, ...)`, found `&str`
    |                         arguments to this function are incorrect
    |
    = note: expected struct `HtmlElement<Div, (Class<&str>,), ((HtmlElement<Div, ..., ...>, ...),)>`
               found struct `leptos::html::HtmlElement<_, (Class<&_>,), (&str,)>`
note: associated function defined here
   --> /home/svnbjrn/.cargo/registry/src/index.crates.io-1949cf8c6b5b557f/leptos-0.7.8/src/into_view.rs:25:12
    |
 25 |     pub fn new(inner: T) -> Self {
    |            ^^^
    = note: the full name for the type has been written to '/home/svnbjrn/dev/AI-RPG/features/frontend/target/debug/deps/ttrpg_assistant_frontend-7ed24207375e3cd3.long-type-4059760737597573099.txt'
    = note: consider using `--verbose` to print the full type name to the console
    = note: this error originates in the macro `view` (in Nightly builds, run with -Z macro-backtrace for more info)

warning: use of deprecated method `web_sys::BlobPropertyBag::type_`: Use `set_type()` instead.
   --> src/components/analytics/audit_log_viewer.rs:138:37
    |
138 | ...                   options.type_(mime);
    |                               ^^^^^
    |
    = note: `#[warn(deprecated)]` on by default

error[E0308]: `if` and `else` have incompatible types
   --> src/components/campaign/campaign_card.rs:375:36
    |
368 |                               {if player_count > 0 {
    |                                ------------------- `if` and `else` have incompatible types
369 | /                                 Some(view! {
370 | |                                     <div class="flex items-center gap-1.5">
371 | |                                         <PlayerIcon />
372 | |                                         <span>{player_count}</span>
373 | |                                     </div>
374 | |                                 })
    | |__________________________________- expected because of this
375 |                               } else if entity_count > 0 {
    |  ____________________________________^
376 | |                                 Some(view! {
377 | |                                     <div class="flex items-center gap-1.5">
378 | |                                         <EntityIcon />
...   |
383 | |                                 None
384 | |                             }}
    | |_____________________________^ expected opaque type, found a different opaque type
...
457 |   fn PlayerIcon() -> impl IntoView {
    |                      ------------- the expected opaque type
...
469 |   fn EntityIcon() -> impl IntoView {
    |                      ------------- the found opaque type
    |
    = note: expected enum `std::option::Option<leptos::prelude::View<leptos::html::HtmlElement<_, (Class<&_>,), ((impl leptos::IntoView, leptos::html::HtmlElement<_, _, _>),)>>>`
               found enum `std::option::Option<leptos::prelude::View<leptos::html::HtmlElement<_, (Class<&_>,), ((impl leptos::IntoView, leptos::html::HtmlElement<_, _, _>),)>>>`
    = note: distinct uses of `impl Trait` result in different opaque types

error[E0308]: mismatched types
   --> src/components/campaign/version_history.rs:386:60
    |
386 | ...                   on_compare=Some(handle_compare)
    |                                  ^^^^^^^^^^^^^^^^^^^^ expected `Callback<String>`, found `Option<Callback<String>>`
    |
    = note: expected struct `leptos::prelude::Callback<_>`
                 found enum `std::option::Option<leptos::prelude::Callback<_>>`

error[E0308]: mismatched types
   --> src/components/campaign/world_state_editor.rs:422:71
    |
422 | ...                   <WorldEventCard event=event on_delete=Some(cb) />
    |                                                             ^^^^^^^^ expected `Callback<String>`, found `Option<Callback<String>>`
    |
    = note: expected struct `leptos::prelude::Callback<_>`
                 found enum `std::option::Option<leptos::prelude::Callback<_>>`

error[E0599]: no method named `campaign_id` found for struct `LocationsContentPropsBuilder<TypedBuilderFields>` in the current scope
   --> src/components/campaign/world_state_editor.rs:777:33
    |
516 |   #[component]
    |   ------------ method `campaign_id` not found for this struct
...
775 |                           WorldStateTab::Locations => view! {
    |  _____________________________________________________-
776 | |                             <LocationsContent
777 | |                                 campaign_id=cid
    | |________________________________-^^^^^^^^^^^
    |
help: there is a method `_campaign_id` with a similar name
    |
777 |                                 _campaign_id=cid
    |                                 +

warning: unused variable: `node_id`
   --> src/components/campaign/relationship_graph.rs:635:33
    |
635 | ...                   let node_id = pn.node.id.clone();
    |                           ^^^^^^^ help: if this is intentional, prefix it with an underscore: `_node_id`

error[E0507]: cannot move out of `config`, a captured variable in an `Fn` closure
   --> src/components/campaign/relationship_graph.rs:445:21
    |
404 |     let config = LayoutConfig::default();
    |         ------   ----------------------- move occurs because `config` has type `LayoutConfig`, which does not implement the `Copy` trait
    |         |
    |         captured outer variable
...
440 |     let handle_refresh = Callback::new(move |_: ()| {
    |                                        ------------ captured by this `Fn` closure
...
445 |         spawn_local(async move {
    |                     ^^^^^^^^^^ `config` is moved here
...
455 |                     let layout = calculate_layout(&g.nodes, &g.edges, &config);
    |                                                                        ------ variable moved due to use in coroutine
    |
help: `Fn` and `FnMut` closures require captured values to be able to be consumed multiple times, but `FnOnce` closures may consume them only once
   --> /home/svnbjrn/.cargo/registry/src/index.crates.io-1949cf8c6b5b557f/leptos-0.7.8/src/callback.rs:221:12
    |
221 |         F: Fn(In) -> Out + Send + Sync + 'static,
    |            ^^^^^^^^^^^^^
help: consider cloning the value before moving it into the closure
    |
445 ~         let value = config.clone();
446 ~         spawn_local(async move {
447 |             is_loading.set(true);
...
455 |                 Ok(g) => {
456 ~                     let layout = calculate_layout(&g.nodes, &g.edges, &value);
    |

error[E0382]: use of moved value: `config`
   --> src/components/campaign/relationship_graph.rs:440:40
    |
404 |     let config = LayoutConfig::default();
    |         ------ move occurs because `config` has type `LayoutConfig`, which does not implement the `Copy` trait
...
408 |     Effect::new(move |_| {
    |                 -------- value moved into closure here
...
412 |         let layout_config = config.clone();
    |                             ------ variable moved due to use in closure
...
440 |     let handle_refresh = Callback::new(move |_: ()| {
    |                                        ^^^^^^^^^^^^ value used here after move
...
455 |                     let layout = calculate_layout(&g.nodes, &g.edges, &config);
    |                                                                        ------ use occurs due to use in closure
    |
help: consider cloning the value before moving it into the closure
    |
408 ~     let value = config.clone();
409 ~     Effect::new(move |_| {
410 |         let cid = campaign_id_load.clone();
411 |         let include_inactive = show_inactive.get();
412 |         let focus_id = focus_entity.get();
413 ~         let layout_config = value.clone();
    |

error[E0382]: use of moved value: `config`
   --> src/components/campaign/relationship_graph.rs:538:25
    |
404 |     let config = LayoutConfig::default();
    |         ------ move occurs because `config` has type `LayoutConfig`, which does not implement the `Copy` trait
...
440 |     let handle_refresh = Callback::new(move |_: ()| {
    |                                        ------------ value moved into closure here
...
455 |                     let layout = calculate_layout(&g.nodes, &g.edges, &config);
    |                                                                        ------ variable moved due to use in closure
...
538 |                 viewBox=move || format!("0 0 {} {}", config.width, config.height)
    |                         ^^^^^^^^^^^^^^^^^^^^^^^^^^^^^^^^^^^^^^^^^^^^^^^^^^^^^^^^^ value used here after move
    |
help: consider cloning the value before moving it into the closure
    |
440 ~     let value = config.clone();
441 ~     let handle_refresh = Callback::new(move |_: ()| {
442 |         let cid = campaign_id_refresh.clone();
...
455 |                 Ok(g) => {
456 ~                     let layout = calculate_layout(&g.nodes, &g.edges, &value);
    |

error[E0308]: mismatched types
   --> src/components/voice/profile_manager.rs:158:43
    |
158 | ...                   on_select=on_select.clone()
    |                                 ^^^^^^^^^^^^^^^^^ expected `Callback<VoiceProfile>`, found `Option<Callback<VoiceProfile>>`
    |
    = note: expected struct `leptos::prelude::Callback<_>`
                 found enum `std::option::Option<leptos::prelude::Callback<_>>`
help: consider using `Option::expect` to unwrap the `std::option::Option<leptos::prelude::Callback<VoiceProfile>>` value, panicking if the value is an `Option::None`
    |
158 |                                 on_select=on_select.clone().expect("REASON")
    |                                                            +++++++++++++++++

error[E0308]: mismatched types
   --> src/components/voice/profile_manager.rs:517:39
    |
517 | ...                   on_select=Some(on_select.clone())
    |                                 ^^^^^^^^^^^^^^^^^^^^^^^ expected `Callback<VoiceProfile>`, found `Option<Callback<VoiceProfile>>`
    |
    = note: expected struct `leptos::prelude::Callback<_>`
                 found enum `std::option::Option<leptos::prelude::Callback<_>>`

error[E0308]: mismatched types
   --> src/components/voice/profile_manager.rs:518:41
    |
518 | ...                   selected_id=Some(selected_profile_id.into())
    |                                   ^^^^^^^^^^^^^^^^^^^^^^^^^^^^^^^^ expected `Signal<Option<String>>`, found `Option<_>`
    |
    = note: expected struct `leptos::prelude::Signal<std::option::Option<std::string::String>>`
                 found enum `std::option::Option<_>`
help: call `Into::into` on this expression to convert `std::option::Option<_>` into `leptos::prelude::Signal<std::option::Option<std::string::String>>`
    |
518 |                             selected_id=Some(selected_profile_id.into()).into()
    |                                                                         +++++++

Some errors have detailed explanations: E0277, E0308, E0382, E0425, E0428, E0432, E0433, E0507, E0515...
For more information about an error, try `rustc --explain E0277`.
warning: `ttrpg-assistant-frontend` (lib) generated 33 warnings
error: could not compile `ttrpg-assistant-frontend` (lib) due to 54 previous errors; 33 warnings emitted
